<?xml version="1.0" encoding="UTF-8"?>
<!-- Generated by org.testng.reporters.JUnitReportReporter -->
<testsuite hostname="DESKTOP-4H5LS01" failures="0" tests="1" name="testScript.LoginTest" time="7.405" errors="0" timestamp="2024-11-14T11:28:14 IST" skipped="0">
  <testcase classname="testScript.LoginTest" name="verifyUserIsAbletoLoginValidCredentials" time="7.405"/>
  <system-out/>
</testsuite> <!-- testScript.LoginTest -->
