<?xml version="1.0" encoding="UTF-8"?>
<!-- Generated by org.testng.reporters.JUnitReportReporter -->
<testsuite hostname="neethu" failures="0" tests="1" name="testScript.AdminUserTest" time="6.167" errors="0" timestamp="2024-11-19T15:29:31 IST" skipped="0">
  <testcase classname="testScript.AdminUserTest" name="verifyUserIsAbleToClickAdminUsers" time="6.167"/>
  <system-out/>
</testsuite> <!-- testScript.AdminUserTest -->
