<?xml version="1.0" encoding="UTF-8"?>
<!-- Generated by org.testng.reporters.JUnitReportReporter -->
<testsuite hostname="DESKTOP-4H5LS01" failures="0" tests="1" name="testScript.LoginTest" time="5.937" errors="0" timestamp="2024-11-14T09:55:05 IST" skipped="0">
  <testcase classname="testScript.LoginTest" name="verifyUserIsAbletoLoginValidCredentials" time="5.937"/>
</testsuite> <!-- testScript.LoginTest -->
