<?xml version="1.0" encoding="UTF-8"?>
<!-- Generated by org.testng.reporters.JUnitReportReporter -->
<testsuite hostname="DESKTOP-4H5LS01" failures="0" tests="1" name="testScript.AdminUserTest" time="28.405" errors="0" timestamp="2024-11-18T14:18:17 IST" skipped="0">
  <testcase classname="testScript.AdminUserTest" name="verifyUserIsAbleToClickAdminUsers" time="28.405"/>
  <system-out/>
</testsuite> <!-- testScript.AdminUserTest -->
